Number of devices available: 1
Cuda current device: 0

Example:   0%|          | 0/766 [00:00<?, ?it/s]

Example:   1%|          | 5/766 [00:00<00:16, 45.89it/s]

Example:   1%|1         | 10/766 [00:00<00:27, 27.90it/s]

Example:   2%|1         | 14/766 [00:00<00:23, 31.70it/s]

Example:   2%|2         | 18/766 [00:00<00:24, 30.34it/s]

Example:   3%|3         | 23/766 [00:00<00:21, 34.37it/s]

Example:   4%|3         | 27/766 [00:00<00:21, 35.15it/s]

Example:   4%|4         | 31/766 [00:01<00:32, 22.54it/s]

Example:   5%|4         | 37/766 [00:01<00:25, 28.62it/s]

Example:   5%|5         | 41/766 [00:01<00:29, 24.99it/s]

Example:   6%|5         | 44/766 [00:01<00:30, 24.04it/s]

Example:   6%|6         | 47/766 [00:01<00:29, 24.32it/s]

Example:   7%|6         | 51/766 [00:01<00:27, 25.61it/s]

Example:   7%|7         | 57/766 [00:01<00:21, 32.68it/s]

Example:   8%|8         | 63/766 [00:02<00:18, 38.10it/s]

Example:   9%|9         | 69/766 [00:02<00:16, 41.70it/s]

Example:  10%|9         | 76/766 [00:02<00:26, 26.22it/s]

Example:  10%|#         | 80/766 [00:02<00:24, 27.50it/s]

Example:  11%|#         | 84/766 [00:02<00:27, 24.82it/s]

Example:  11%|#1        | 88/766 [00:03<00:29, 23.03it/s]

Example:  12%|#1        | 91/766 [00:03<00:33, 20.06it/s]

Example:  13%|#2        | 96/766 [00:03<00:26, 24.87it/s]

Example:  13%|#3        | 102/766 [00:03<00:22, 29.31it/s]

Example:  14%|#3        | 107/766 [00:03<00:19, 33.12it/s]

Example:  14%|#4        | 111/766 [00:03<00:19, 34.02it/s]

Example:  15%|#5        | 115/766 [00:04<00:21, 30.24it/s]

Example:  16%|#5        | 119/766 [00:04<00:20, 31.20it/s]

Example:  16%|#6        | 124/766 [00:04<00:18, 35.19it/s]

Example:  17%|#7        | 131/766 [00:04<00:14, 43.79it/s]

Example:  18%|#7        | 136/766 [00:04<00:18, 34.80it/s]

Example:  19%|#8        | 142/766 [00:04<00:20, 30.70it/s]

Example:  19%|#9        | 149/766 [00:04<00:18, 34.18it/s]

Example:  20%|##        | 156/766 [00:05<00:15, 39.92it/s]

Example:  21%|##1       | 161/766 [00:05<00:22, 26.84it/s]

Example:  22%|##1       | 167/766 [00:05<00:19, 31.47it/s]

Example:  23%|##2       | 173/766 [00:05<00:16, 36.21it/s]

Example:  24%|##3       | 181/766 [00:05<00:13, 43.34it/s]

Example:  24%|##4       | 187/766 [00:05<00:12, 46.70it/s]

Example:  25%|##5       | 193/766 [00:06<00:12, 47.53it/s]

Example:  26%|##6       | 200/766 [00:06<00:11, 50.86it/s]

Example:  27%|##7       | 208/766 [00:06<00:10, 54.99it/s]

Example:  28%|##7       | 214/766 [00:06<00:09, 55.50it/s]

Example:  29%|##8       | 220/766 [00:06<00:11, 46.74it/s]

Example:  30%|##9       | 227/766 [00:06<00:10, 51.80it/s]

Example:  31%|###       | 234/766 [00:06<00:10, 49.90it/s]

Example:  31%|###1      | 241/766 [00:06<00:09, 52.56it/s]

Example:  32%|###2      | 247/766 [00:07<00:10, 49.96it/s]

Example:  33%|###3      | 255/766 [00:07<00:09, 56.18it/s]

Example:  34%|###4      | 261/766 [00:07<00:09, 52.01it/s]

Example:  35%|###4      | 267/766 [00:07<00:09, 51.19it/s]

Example:  36%|###5      | 274/766 [00:07<00:08, 55.45it/s]

Example:  37%|###6      | 280/766 [00:07<00:14, 33.39it/s]

Example:  37%|###7      | 287/766 [00:08<00:12, 39.88it/s]

Example:  38%|###8      | 293/766 [00:08<00:10, 43.52it/s]

Example:  39%|###9      | 300/766 [00:08<00:09, 49.47it/s]

Example:  40%|###9      | 306/766 [00:08<00:10, 43.07it/s]

Example:  41%|####      | 312/766 [00:08<00:09, 45.47it/s]

Example:  42%|####1     | 318/766 [00:08<00:10, 43.51it/s]

Example:  42%|####2     | 323/766 [00:08<00:10, 43.71it/s]

Example:  43%|####2     | 328/766 [00:08<00:09, 44.56it/s]

Example:  44%|####3     | 334/766 [00:08<00:09, 47.91it/s]

Example:  44%|####4     | 339/766 [00:09<00:08, 47.78it/s]

Example:  45%|####5     | 346/766 [00:09<00:09, 42.64it/s]

Example:  46%|####5     | 351/766 [00:09<00:09, 42.93it/s]

Example:  46%|####6     | 356/766 [00:09<00:09, 44.22it/s]

Example:  47%|####7     | 361/766 [00:09<00:11, 35.94it/s]

Example:  48%|####7     | 365/766 [00:09<00:11, 34.52it/s]

Example:  48%|####8     | 369/766 [00:10<00:13, 29.03it/s]

Example:  49%|####8     | 373/766 [00:10<00:13, 29.24it/s]

Example:  49%|####9     | 378/766 [00:10<00:12, 32.19it/s]

Example:  50%|####9     | 382/766 [00:10<00:12, 30.11it/s]

Example:  51%|#####     | 387/766 [00:10<00:11, 33.38it/s]

Example:  51%|#####1    | 391/766 [00:10<00:17, 21.99it/s]

Example:  52%|#####1    | 395/766 [00:11<00:19, 19.21it/s]

Example:  52%|#####2    | 400/766 [00:11<00:15, 23.44it/s]

Example:  53%|#####2    | 403/766 [00:11<00:20, 17.70it/s]

Example:  53%|#####3    | 406/766 [00:11<00:18, 19.62it/s]

Example:  53%|#####3    | 409/766 [00:11<00:20, 17.41it/s]

Example:  54%|#####4    | 415/766 [00:12<00:14, 24.67it/s]

Example:  55%|#####5    | 422/766 [00:12<00:10, 33.03it/s]

Example:  56%|#####5    | 428/766 [00:12<00:08, 38.62it/s]

Example:  57%|#####6    | 433/766 [00:12<00:15, 21.88it/s]

Example:  57%|#####7    | 440/766 [00:12<00:11, 28.52it/s]

Example:  58%|#####8    | 445/766 [00:12<00:10, 32.07it/s]

Example:  59%|#####8    | 450/766 [00:13<00:12, 24.31it/s]

Example:  60%|#####9    | 456/766 [00:13<00:10, 28.63it/s]

Example:  60%|######    | 462/766 [00:13<00:09, 33.01it/s]

Example:  61%|######    | 467/766 [00:13<00:09, 32.61it/s]

Example:  61%|######1   | 471/766 [00:13<00:09, 31.82it/s]

Example:  62%|######2   | 475/766 [00:13<00:09, 31.96it/s]

Example:  63%|######2   | 479/766 [00:14<00:08, 31.96it/s]

Example:  63%|######3   | 486/766 [00:14<00:07, 36.35it/s]

Example:  64%|######4   | 491/766 [00:14<00:06, 39.43it/s]

Example:  65%|######4   | 496/766 [00:14<00:08, 31.70it/s]

Example:  65%|######5   | 501/766 [00:14<00:07, 34.47it/s]

Example:  66%|######6   | 506/766 [00:14<00:07, 36.18it/s]

Example:  67%|######6   | 510/766 [00:14<00:07, 34.82it/s]

Example:  67%|######7   | 514/766 [00:15<00:11, 21.15it/s]

Example:  68%|######7   | 518/766 [00:15<00:10, 23.88it/s]

Example:  68%|######8   | 522/766 [00:15<00:09, 26.00it/s]

Example:  69%|######8   | 528/766 [00:15<00:07, 32.14it/s]

Example:  70%|######9   | 533/766 [00:15<00:06, 35.25it/s]

Example:  70%|#######   | 538/766 [00:15<00:06, 35.00it/s]

Example:  71%|#######   | 542/766 [00:16<00:06, 33.49it/s]

Example:  72%|#######1  | 551/766 [00:16<00:04, 45.72it/s]

Example:  73%|#######2  | 558/766 [00:16<00:04, 49.37it/s]

Example:  74%|#######3  | 564/766 [00:16<00:04, 49.30it/s]

Example:  75%|#######4  | 571/766 [00:16<00:03, 54.16it/s]

Example:  75%|#######5  | 577/766 [00:16<00:04, 42.14it/s]

Example:  76%|#######6  | 583/766 [00:16<00:03, 45.79it/s]

Example:  77%|#######6  | 589/766 [00:16<00:03, 48.30it/s]

Example:  78%|#######7  | 595/766 [00:17<00:03, 47.36it/s]

Example:  78%|#######8  | 601/766 [00:17<00:03, 42.59it/s]

Example:  79%|#######9  | 606/766 [00:17<00:03, 41.16it/s]

Example:  80%|#######9  | 611/766 [00:17<00:03, 42.31it/s]

Example:  81%|########  | 617/766 [00:17<00:03, 38.87it/s]

Example:  81%|########1 | 623/766 [00:17<00:03, 41.06it/s]

Example:  82%|########2 | 629/766 [00:17<00:03, 41.89it/s]

Example:  83%|########2 | 634/766 [00:18<00:04, 28.58it/s]

Example:  83%|########3 | 638/766 [00:18<00:04, 27.89it/s]

Example:  84%|########3 | 642/766 [00:18<00:04, 30.04it/s]

Example:  85%|########4 | 650/766 [00:18<00:02, 38.98it/s]

Example:  86%|########5 | 655/766 [00:18<00:04, 27.27it/s]

Example:  86%|########6 | 661/766 [00:19<00:03, 32.12it/s]

Example:  87%|########7 | 667/766 [00:19<00:03, 30.50it/s]

Example:  88%|########7 | 674/766 [00:19<00:02, 35.29it/s]

Example:  89%|########8 | 679/766 [00:19<00:02, 34.90it/s]

Example:  89%|########9 | 683/766 [00:20<00:04, 17.90it/s]

Example:  90%|########9 | 689/766 [00:20<00:03, 23.13it/s]

Example:  90%|######### | 693/766 [00:20<00:02, 25.63it/s]

Example:  91%|######### | 697/766 [00:20<00:03, 18.69it/s]

Example:  92%|#########1| 703/766 [00:20<00:02, 24.65it/s]

Example:  93%|#########2| 709/766 [00:21<00:01, 30.61it/s]

Example:  93%|#########3| 715/766 [00:21<00:01, 35.01it/s]

Example:  94%|#########4| 721/766 [00:21<00:01, 39.29it/s]

Example:  95%|#########5| 728/766 [00:21<00:00, 41.86it/s]

Example:  96%|#########5| 733/766 [00:21<00:00, 38.38it/s]

Example:  96%|#########6| 738/766 [00:21<00:00, 35.66it/s]

Example:  97%|#########6| 742/766 [00:21<00:00, 34.21it/s]

Example:  98%|#########7| 747/766 [00:21<00:00, 36.17it/s]

Example:  98%|#########8| 751/766 [00:22<00:00, 36.45it/s]

Example:  99%|#########8| 756/766 [00:22<00:00, 38.70it/s]

Example:  99%|#########9| 760/766 [00:22<00:00, 30.46it/s]

Example: 100%|##########| 766/766 [00:22<00:00, 34.07it/s]

Example:   0%|          | 0/40 [00:00<?, ?it/s]

Example:  15%|#5        | 6/40 [00:00<00:00, 52.56it/s]

Example:  30%|###       | 12/40 [00:00<00:00, 29.24it/s]

Example:  40%|####      | 16/40 [00:00<00:00, 30.69it/s]

Example:  55%|#####5    | 22/40 [00:00<00:00, 36.85it/s]

Example:  75%|#######5  | 30/40 [00:00<00:00, 47.50it/s]

Example:  90%|######### | 36/40 [00:00<00:00, 48.37it/s]

Example: 100%|##########| 40/40 [00:00<00:00, 43.44it/s]

Example:   0%|          | 0/40 [00:00<?, ?it/s]

Example:   8%|7         | 3/40 [00:00<00:01, 28.96it/s]

Example:  20%|##        | 8/40 [00:00<00:00, 34.70it/s]

Example:  38%|###7      | 15/40 [00:00<00:00, 45.50it/s]

Example:  50%|#####     | 20/40 [00:00<00:00, 46.27it/s]

Example:  62%|######2   | 25/40 [00:00<00:00, 43.58it/s]

Example:  75%|#######5  | 30/40 [00:00<00:00, 45.47it/s]

Example:  90%|######### | 36/40 [00:00<00:00, 46.98it/s]

Example: 100%|##########| 40/40 [00:01<00:00, 39.36it/s]
Evaluating micro ..
Length of official results: 544
best_re: [0.0, 0.0, 0], best_evi: [0, 0.0, 0], best_re_ign: [0.0, 0.0, 0]
saving official predictions into outputs2/results.json ...
saving evaluations into outputs2/predicted_entities_atlop_format_scores.csv ...
              precision  recall  F1
test_rel            0.0     0.0   0
test_rel_ign        0.0     0.0   0
test_evi            0.0     0.0   0
