Number of devices available: 1
Cuda current device: 0

Example:   0%|          | 0/766 [00:00<?, ?it/s]

Example:   1%|          | 4/766 [00:00<00:19, 39.06it/s]

Example:   1%|1         | 8/766 [00:00<00:21, 36.04it/s]

Example:   2%|1         | 12/766 [00:00<00:23, 31.50it/s]

Example:   2%|2         | 16/766 [00:00<00:24, 30.63it/s]

Example:   3%|2         | 20/766 [00:00<00:22, 32.45it/s]

Example:   3%|3         | 24/766 [00:00<00:22, 33.36it/s]

Example:   4%|3         | 28/766 [00:00<00:23, 31.24it/s]

Example:   4%|4         | 32/766 [00:00<00:23, 31.56it/s]

Example:   5%|4         | 37/766 [00:01<00:27, 26.52it/s]

Example:   5%|5         | 41/766 [00:01<00:30, 23.85it/s]

Example:   6%|5         | 44/766 [00:01<00:31, 23.17it/s]

Example:   6%|6         | 47/766 [00:01<00:30, 23.41it/s]

Example:   7%|6         | 51/766 [00:01<00:28, 24.93it/s]

Example:   7%|7         | 56/766 [00:01<00:23, 30.14it/s]

Example:   8%|7         | 61/766 [00:02<00:21, 33.33it/s]

Example:   9%|8         | 67/766 [00:02<00:17, 39.32it/s]

Example:   9%|9         | 72/766 [00:02<00:16, 41.41it/s]

Example:  10%|#         | 77/766 [00:02<00:28, 24.42it/s]

Example:  11%|#         | 81/766 [00:02<00:26, 26.03it/s]

Example:  11%|#1        | 86/766 [00:02<00:22, 30.13it/s]

Example:  12%|#1        | 90/766 [00:03<00:40, 16.84it/s]

Example:  12%|#2        | 95/766 [00:03<00:32, 20.78it/s]

Example:  13%|#3        | 101/766 [00:03<00:24, 27.00it/s]

Example:  14%|#3        | 106/766 [00:03<00:22, 28.77it/s]

Example:  14%|#4        | 110/766 [00:03<00:21, 30.69it/s]

Example:  15%|#4        | 114/766 [00:04<00:23, 27.94it/s]

Example:  15%|#5        | 118/766 [00:04<00:21, 30.09it/s]

Example:  16%|#6        | 124/766 [00:04<00:18, 34.07it/s]

Example:  17%|#7        | 131/766 [00:04<00:15, 42.02it/s]

Example:  18%|#7        | 136/766 [00:04<00:17, 36.21it/s]

Example:  19%|#8        | 142/766 [00:04<00:19, 32.66it/s]

Example:  19%|#9        | 149/766 [00:05<00:17, 35.61it/s]

Example:  20%|##        | 155/766 [00:05<00:15, 40.42it/s]

Example:  21%|##        | 160/766 [00:05<00:16, 37.76it/s]

Example:  22%|##1       | 165/766 [00:05<00:22, 27.10it/s]

Example:  22%|##2       | 171/766 [00:05<00:18, 32.77it/s]

Example:  23%|##2       | 176/766 [00:05<00:16, 35.93it/s]

Example:  24%|##4       | 184/766 [00:05<00:13, 44.06it/s]

Example:  25%|##4       | 190/766 [00:06<00:12, 46.93it/s]

Example:  26%|##5       | 196/766 [00:06<00:11, 47.87it/s]

Example:  26%|##6       | 202/766 [00:06<00:11, 49.43it/s]

Example:  27%|##7       | 210/766 [00:06<00:09, 56.63it/s]

Example:  28%|##8       | 216/766 [00:06<00:10, 50.40it/s]

Example:  29%|##8       | 222/766 [00:06<00:11, 46.12it/s]

Example:  30%|###       | 231/766 [00:06<00:09, 55.13it/s]

Example:  31%|###       | 237/766 [00:06<00:10, 52.24it/s]

Example:  32%|###1      | 243/766 [00:07<00:10, 49.80it/s]

Example:  33%|###2      | 249/766 [00:07<00:10, 51.59it/s]

Example:  33%|###3      | 256/766 [00:07<00:09, 54.80it/s]

Example:  34%|###4      | 262/766 [00:07<00:10, 50.07it/s]

Example:  35%|###4      | 268/766 [00:07<00:09, 51.22it/s]

Example:  36%|###5      | 274/766 [00:07<00:09, 53.29it/s]

Example:  37%|###6      | 280/766 [00:07<00:10, 46.30it/s]

Example:  37%|###7      | 287/766 [00:07<00:09, 51.30it/s]

Example:  38%|###8      | 293/766 [00:08<00:09, 52.30it/s]

Example:  39%|###9      | 299/766 [00:08<00:13, 33.83it/s]

Example:  40%|###9      | 304/766 [00:08<00:13, 33.19it/s]

Example:  41%|####      | 311/766 [00:08<00:11, 39.00it/s]

Example:  41%|####1     | 316/766 [00:08<00:11, 38.11it/s]

Example:  42%|####1     | 321/766 [00:08<00:11, 38.37it/s]

Example:  43%|####2     | 326/766 [00:08<00:10, 40.07it/s]

Example:  43%|####3     | 332/766 [00:09<00:09, 43.72it/s]

Example:  44%|####4     | 338/766 [00:09<00:09, 47.05it/s]

Example:  45%|####4     | 344/766 [00:09<00:08, 49.86it/s]

Example:  46%|####5     | 350/766 [00:09<00:10, 41.49it/s]

Example:  46%|####6     | 355/766 [00:09<00:09, 42.17it/s]

Example:  47%|####6     | 360/766 [00:09<00:11, 35.81it/s]

Example:  48%|####7     | 364/766 [00:09<00:11, 34.89it/s]

Example:  48%|####8     | 368/766 [00:10<00:13, 29.93it/s]

Example:  49%|####8     | 372/766 [00:10<00:13, 29.53it/s]

Example:  49%|####9     | 378/766 [00:10<00:11, 33.60it/s]

Example:  50%|####9     | 382/766 [00:10<00:12, 31.59it/s]

Example:  51%|#####     | 387/766 [00:10<00:11, 34.33it/s]

Example:  51%|#####1    | 391/766 [00:10<00:11, 32.79it/s]

Example:  52%|#####1    | 395/766 [00:11<00:14, 24.96it/s]

Example:  52%|#####2    | 400/766 [00:11<00:12, 28.84it/s]

Example:  53%|#####2    | 404/766 [00:11<00:22, 15.96it/s]

Example:  53%|#####3    | 408/766 [00:11<00:21, 16.56it/s]

Example:  54%|#####3    | 411/766 [00:12<00:19, 18.20it/s]

Example:  54%|#####4    | 417/766 [00:12<00:13, 25.04it/s]

Example:  55%|#####5    | 423/766 [00:12<00:10, 31.60it/s]

Example:  56%|#####6    | 430/766 [00:12<00:08, 39.40it/s]

Example:  57%|#####6    | 435/766 [00:12<00:14, 23.00it/s]

Example:  58%|#####7    | 441/766 [00:12<00:11, 28.50it/s]

Example:  58%|#####8    | 446/766 [00:13<00:10, 31.63it/s]

Example:  59%|#####8    | 451/766 [00:13<00:12, 24.44it/s]

Example:  60%|#####9    | 456/766 [00:13<00:11, 27.69it/s]

Example:  60%|######    | 462/766 [00:13<00:09, 32.29it/s]

Example:  61%|######    | 467/766 [00:13<00:09, 32.34it/s]

Example:  61%|######1   | 471/766 [00:13<00:09, 31.74it/s]

Example:  62%|######2   | 475/766 [00:14<00:08, 32.49it/s]

Example:  63%|######2   | 479/766 [00:14<00:08, 32.54it/s]

Example:  63%|######3   | 485/766 [00:14<00:07, 38.98it/s]

Example:  64%|######3   | 490/766 [00:14<00:07, 38.64it/s]

Example:  65%|######4   | 495/766 [00:14<00:08, 32.09it/s]

Example:  65%|######5   | 500/766 [00:14<00:07, 34.32it/s]

Example:  66%|######5   | 504/766 [00:14<00:07, 35.06it/s]

Example:  66%|######6   | 508/766 [00:14<00:08, 32.02it/s]

Example:  67%|######7   | 514/766 [00:15<00:06, 36.34it/s]

Example:  68%|######7   | 518/766 [00:15<00:06, 36.34it/s]

Example:  68%|######8   | 522/766 [00:15<00:06, 35.84it/s]

Example:  69%|######8   | 528/766 [00:15<00:05, 40.37it/s]

Example:  70%|######9   | 533/766 [00:15<00:10, 23.30it/s]

Example:  70%|#######   | 537/766 [00:16<00:09, 24.71it/s]

Example:  71%|#######   | 541/766 [00:16<00:08, 26.40it/s]

Example:  72%|#######1  | 548/766 [00:16<00:06, 34.78it/s]

Example:  73%|#######2  | 556/766 [00:16<00:04, 43.70it/s]

Example:  73%|#######3  | 562/766 [00:16<00:04, 43.33it/s]

Example:  74%|#######4  | 570/766 [00:16<00:03, 49.44it/s]

Example:  75%|#######5  | 576/766 [00:16<00:04, 42.01it/s]

Example:  76%|#######5  | 582/766 [00:16<00:04, 43.98it/s]

Example:  77%|#######6  | 588/766 [00:17<00:03, 45.88it/s]

Example:  78%|#######7  | 594/766 [00:17<00:03, 46.71it/s]

Example:  78%|#######8  | 599/766 [00:17<00:03, 43.45it/s]

Example:  79%|#######8  | 604/766 [00:17<00:03, 43.05it/s]

Example:  80%|#######9  | 609/766 [00:17<00:03, 40.58it/s]

Example:  80%|########  | 615/766 [00:17<00:03, 45.21it/s]

Example:  81%|########  | 620/766 [00:17<00:03, 41.48it/s]

Example:  82%|########1 | 625/766 [00:17<00:03, 40.53it/s]

Example:  82%|########2 | 630/766 [00:18<00:03, 35.58it/s]

Example:  83%|########2 | 634/766 [00:18<00:04, 28.37it/s]

Example:  83%|########3 | 638/766 [00:18<00:04, 27.79it/s]

Example:  84%|########3 | 642/766 [00:18<00:04, 30.04it/s]

Example:  85%|########4 | 650/766 [00:18<00:02, 39.27it/s]

Example:  86%|########5 | 655/766 [00:19<00:04, 27.35it/s]

Example:  86%|########6 | 661/766 [00:19<00:03, 32.23it/s]

Example:  87%|########7 | 667/766 [00:19<00:03, 30.96it/s]

Example:  88%|########7 | 674/766 [00:19<00:02, 35.62it/s]

Example:  89%|########8 | 679/766 [00:19<00:02, 35.13it/s]

Example:  89%|########9 | 683/766 [00:19<00:03, 27.04it/s]

Example:  90%|########9 | 689/766 [00:20<00:02, 32.72it/s]

Example:  91%|######### | 694/766 [00:20<00:03, 23.87it/s]

Example:  91%|#########1| 698/766 [00:20<00:02, 24.82it/s]

Example:  92%|#########1| 704/766 [00:21<00:03, 18.51it/s]

Example:  93%|#########2| 711/766 [00:21<00:02, 25.20it/s]

Example:  93%|#########3| 716/766 [00:21<00:01, 28.54it/s]

Example:  94%|#########4| 721/766 [00:21<00:01, 32.15it/s]

Example:  95%|#########4| 727/766 [00:21<00:01, 37.82it/s]

Example:  96%|#########5| 732/766 [00:21<00:01, 33.69it/s]

Example:  96%|#########6| 737/766 [00:21<00:00, 33.39it/s]

Example:  97%|#########6| 741/766 [00:21<00:00, 32.62it/s]

Example:  97%|#########7| 745/766 [00:22<00:00, 33.46it/s]

Example:  98%|#########7| 750/766 [00:22<00:00, 37.30it/s]

Example:  99%|#########8| 755/766 [00:22<00:00, 39.46it/s]

Example:  99%|#########9| 760/766 [00:22<00:00, 32.69it/s]

Example: 100%|##########| 766/766 [00:22<00:00, 33.98it/s]

Example:   0%|          | 0/40 [00:00<?, ?it/s]

Example:  15%|#5        | 6/40 [00:00<00:00, 54.69it/s]

Example:  30%|###       | 12/40 [00:00<00:00, 31.55it/s]

Example:  40%|####      | 16/40 [00:00<00:00, 32.83it/s]

Example:  55%|#####5    | 22/40 [00:00<00:00, 38.63it/s]

Example:  75%|#######5  | 30/40 [00:00<00:00, 48.92it/s]

Example:  90%|######### | 36/40 [00:00<00:00, 49.43it/s]

Example: 100%|##########| 40/40 [00:00<00:00, 44.99it/s]

Example:   0%|          | 0/40 [00:00<?, ?it/s]

Example:  10%|#         | 4/40 [00:00<00:00, 37.59it/s]

Example:  20%|##        | 8/40 [00:00<00:00, 34.56it/s]

Example:  38%|###7      | 15/40 [00:00<00:00, 44.27it/s]

Example:  50%|#####     | 20/40 [00:00<00:00, 45.04it/s]

Example:  62%|######2   | 25/40 [00:00<00:00, 42.52it/s]

Example:  75%|#######5  | 30/40 [00:00<00:00, 44.52it/s]

Example:  90%|######### | 36/40 [00:00<00:00, 45.80it/s]

Example: 100%|##########| 40/40 [00:01<00:00, 39.25it/s]
Evaluating micro ..
Length of official results: 519
best_re: [0.0, 0.0, 0], best_evi: [0, 0.0, 0], best_re_ign: [0.0, 0.0, 0]
saving official predictions into outputs1/results.json ...
saving evaluations into outputs1/predicted_entities_atlop_format_scores.csv ...
              precision  recall  F1
test_rel            0.0     0.0   0
test_rel_ign        0.0     0.0   0
test_evi            0.0     0.0   0
