Number of devices available: 1
Cuda current device: 0

config.json:   0%|          | 0.00/433 [00:00<?, ?B/s]

config.json: 100%|##########| 433/433 [00:00<00:00, 3.19MB/s]

tokenizer_config.json:   0%|          | 0.00/51.0 [00:00<?, ?B/s]

tokenizer_config.json: 100%|##########| 51.0/51.0 [00:00<00:00, 408kB/s]

vocab.txt:   0%|          | 0.00/213k [00:00<?, ?B/s]

vocab.txt: 100%|##########| 213k/213k [00:01<00:00, 109kB/s]

vocab.txt: 100%|##########| 213k/213k [00:01<00:00, 109kB/s]

special_tokens_map.json:   0%|          | 0.00/112 [00:00<?, ?B/s]

special_tokens_map.json: 100%|##########| 112/112 [00:00<00:00, 676kB/s]

Example:   0%|          | 0/766 [00:00<?, ?it/s]

Example:   1%|          | 5/766 [00:00<00:16, 45.52it/s]

Example:   1%|1         | 10/766 [00:00<00:26, 28.66it/s]

Example:   2%|1         | 14/766 [00:00<00:23, 32.23it/s]

Example:   2%|2         | 18/766 [00:00<00:24, 30.31it/s]

Example:   3%|3         | 23/766 [00:00<00:21, 34.30it/s]

Example:   4%|3         | 27/766 [00:00<00:21, 34.80it/s]

Example:   4%|4         | 31/766 [00:00<00:24, 30.13it/s]

Example:   5%|4         | 35/766 [00:01<00:28, 25.77it/s]

Example:   5%|5         | 40/766 [00:01<00:23, 30.56it/s]

Example:   6%|5         | 44/766 [00:01<00:32, 22.55it/s]

Example:   6%|6         | 47/766 [00:01<00:31, 22.68it/s]

Example:   7%|6         | 51/766 [00:01<00:29, 24.30it/s]

Example:   7%|7         | 56/766 [00:01<00:24, 29.34it/s]

Example:   8%|7         | 61/766 [00:02<00:21, 33.24it/s]

Example:   9%|8         | 67/766 [00:02<00:17, 39.53it/s]

Example:   9%|9         | 72/766 [00:02<00:16, 41.73it/s]

Example:  10%|#         | 77/766 [00:02<00:28, 24.29it/s]

Example:  11%|#         | 81/766 [00:02<00:26, 25.97it/s]

Example:  11%|#1        | 85/766 [00:03<00:32, 21.26it/s]

Example:  11%|#1        | 88/766 [00:03<00:33, 20.39it/s]

Example:  12%|#1        | 91/766 [00:03<00:37, 18.16it/s]

Example:  13%|#2        | 96/766 [00:03<00:28, 23.19it/s]

Example:  13%|#3        | 102/766 [00:03<00:23, 27.98it/s]

Example:  14%|#3        | 107/766 [00:03<00:20, 31.74it/s]

Example:  14%|#4        | 111/766 [00:03<00:20, 32.54it/s]

Example:  15%|#5        | 115/766 [00:04<00:22, 29.31it/s]

Example:  16%|#5        | 119/766 [00:04<00:21, 30.09it/s]

Example:  16%|#6        | 124/766 [00:04<00:18, 34.69it/s]

Example:  17%|#7        | 131/766 [00:04<00:14, 43.47it/s]

Example:  18%|#7        | 136/766 [00:04<00:17, 36.66it/s]

Example:  19%|#8        | 142/766 [00:04<00:19, 32.13it/s]

Example:  19%|#9        | 149/766 [00:05<00:17, 35.19it/s]

Example:  20%|##        | 155/766 [00:05<00:15, 39.94it/s]

Example:  21%|##        | 160/766 [00:05<00:23, 25.95it/s]

Example:  22%|##1       | 167/766 [00:05<00:18, 31.70it/s]

Example:  23%|##2       | 173/766 [00:05<00:16, 35.96it/s]

Example:  24%|##3       | 181/766 [00:05<00:13, 43.13it/s]

Example:  24%|##4       | 187/766 [00:05<00:12, 46.57it/s]

Example:  25%|##5       | 193/766 [00:06<00:12, 47.36it/s]

Example:  26%|##6       | 200/766 [00:06<00:11, 50.26it/s]

Example:  27%|##7       | 207/766 [00:06<00:10, 55.13it/s]

Example:  28%|##7       | 213/766 [00:06<00:10, 55.21it/s]

Example:  29%|##8       | 219/766 [00:06<00:11, 47.77it/s]

Example:  29%|##9       | 225/766 [00:06<00:10, 49.51it/s]

Example:  30%|###       | 232/766 [00:06<00:09, 54.39it/s]

Example:  31%|###1      | 238/766 [00:06<00:09, 53.55it/s]

Example:  32%|###1      | 244/766 [00:07<00:10, 49.23it/s]

Example:  33%|###2      | 250/766 [00:07<00:10, 49.53it/s]

Example:  34%|###3      | 258/766 [00:07<00:09, 55.52it/s]

Example:  34%|###4      | 264/766 [00:07<00:10, 49.98it/s]

Example:  35%|###5      | 270/766 [00:07<00:09, 51.65it/s]

Example:  36%|###6      | 276/766 [00:07<00:09, 53.45it/s]

Example:  37%|###6      | 282/766 [00:08<00:15, 30.82it/s]

Example:  38%|###7      | 290/766 [00:08<00:12, 38.77it/s]

Example:  39%|###8      | 296/766 [00:08<00:11, 41.52it/s]

Example:  39%|###9      | 302/766 [00:08<00:10, 43.40it/s]

Example:  40%|####      | 308/766 [00:08<00:10, 43.05it/s]

Example:  41%|####      | 313/766 [00:08<00:10, 44.00it/s]

Example:  42%|####1     | 318/766 [00:08<00:10, 41.48it/s]

Example:  42%|####2     | 323/766 [00:08<00:10, 42.42it/s]

Example:  43%|####2     | 328/766 [00:09<00:09, 43.89it/s]

Example:  44%|####3     | 334/766 [00:09<00:09, 47.61it/s]

Example:  44%|####4     | 339/766 [00:09<00:08, 47.47it/s]

Example:  45%|####5     | 346/766 [00:09<00:09, 42.62it/s]

Example:  46%|####5     | 351/766 [00:09<00:09, 42.67it/s]

Example:  46%|####6     | 356/766 [00:09<00:09, 43.91it/s]

Example:  47%|####7     | 361/766 [00:09<00:11, 35.65it/s]

Example:  48%|####7     | 365/766 [00:09<00:11, 34.47it/s]

Example:  48%|####8     | 369/766 [00:10<00:13, 29.25it/s]

Example:  49%|####8     | 373/766 [00:10<00:13, 29.37it/s]

Example:  49%|####9     | 378/766 [00:10<00:11, 32.36it/s]

Example:  50%|####9     | 382/766 [00:10<00:12, 30.53it/s]

Example:  51%|#####     | 387/766 [00:10<00:11, 33.65it/s]

Example:  51%|#####1    | 391/766 [00:11<00:17, 21.62it/s]

Example:  52%|#####1    | 395/766 [00:11<00:19, 19.11it/s]

Example:  52%|#####2    | 400/766 [00:11<00:15, 23.37it/s]

Example:  53%|#####2    | 403/766 [00:11<00:20, 17.41it/s]

Example:  53%|#####3    | 406/766 [00:11<00:18, 19.22it/s]

Example:  53%|#####3    | 409/766 [00:12<00:20, 17.03it/s]

Example:  54%|#####4    | 415/766 [00:12<00:14, 24.07it/s]

Example:  55%|#####5    | 422/766 [00:12<00:10, 32.07it/s]

Example:  56%|#####5    | 428/766 [00:12<00:08, 37.64it/s]

Example:  57%|#####6    | 433/766 [00:12<00:15, 21.30it/s]

Example:  57%|#####7    | 439/766 [00:13<00:12, 26.92it/s]

Example:  58%|#####7    | 444/766 [00:13<00:10, 30.33it/s]

Example:  59%|#####8    | 449/766 [00:13<00:12, 25.98it/s]

Example:  59%|#####9    | 453/766 [00:13<00:11, 26.58it/s]

Example:  60%|#####9    | 457/766 [00:13<00:11, 27.81it/s]

Example:  60%|######    | 462/766 [00:13<00:09, 32.16it/s]

Example:  61%|######    | 466/766 [00:13<00:09, 30.62it/s]

Example:  61%|######1   | 470/766 [00:14<00:09, 29.75it/s]

Example:  62%|######1   | 474/766 [00:14<00:09, 29.80it/s]

Example:  62%|######2   | 478/766 [00:14<00:09, 30.82it/s]

Example:  63%|######3   | 484/766 [00:14<00:07, 37.67it/s]

Example:  64%|######3   | 489/766 [00:14<00:07, 38.59it/s]

Example:  64%|######4   | 494/766 [00:14<00:08, 32.72it/s]

Example:  65%|######5   | 498/766 [00:14<00:08, 32.49it/s]

Example:  66%|######5   | 502/766 [00:15<00:08, 32.84it/s]

Example:  66%|######6   | 507/766 [00:15<00:07, 36.65it/s]

Example:  67%|######6   | 511/766 [00:15<00:12, 21.20it/s]

Example:  67%|######7   | 514/766 [00:15<00:11, 22.68it/s]

Example:  68%|######7   | 518/766 [00:15<00:09, 25.46it/s]

Example:  68%|######8   | 522/766 [00:15<00:08, 27.35it/s]

Example:  69%|######8   | 528/766 [00:15<00:07, 33.39it/s]

Example:  70%|######9   | 533/766 [00:16<00:06, 36.30it/s]

Example:  70%|#######   | 537/766 [00:16<00:06, 33.97it/s]

Example:  71%|#######   | 541/766 [00:16<00:06, 33.20it/s]

Example:  72%|#######1  | 548/766 [00:16<00:05, 41.68it/s]

Example:  73%|#######2  | 556/766 [00:16<00:04, 49.79it/s]

Example:  73%|#######3  | 562/766 [00:16<00:04, 46.62it/s]

Example:  74%|#######4  | 569/766 [00:16<00:03, 52.34it/s]

Example:  75%|#######5  | 575/766 [00:16<00:04, 45.63it/s]

Example:  76%|#######5  | 580/766 [00:17<00:04, 44.46it/s]

Example:  77%|#######6  | 586/766 [00:17<00:03, 47.52it/s]

Example:  77%|#######7  | 591/766 [00:17<00:03, 46.21it/s]

Example:  78%|#######7  | 596/766 [00:17<00:03, 42.54it/s]

Example:  78%|#######8  | 601/766 [00:17<00:03, 43.02it/s]

Example:  79%|#######9  | 606/766 [00:17<00:03, 40.52it/s]

Example:  80%|#######9  | 611/766 [00:17<00:03, 41.24it/s]

Example:  81%|########  | 617/766 [00:18<00:03, 37.64it/s]

Example:  81%|########1 | 623/766 [00:18<00:03, 39.75it/s]

Example:  82%|########2 | 629/766 [00:18<00:03, 40.74it/s]

Example:  83%|########2 | 634/766 [00:18<00:04, 27.80it/s]

Example:  83%|########3 | 638/766 [00:18<00:04, 27.02it/s]

Example:  84%|########3 | 642/766 [00:18<00:04, 28.77it/s]

Example:  85%|########4 | 650/766 [00:19<00:03, 37.32it/s]

Example:  86%|########5 | 655/766 [00:19<00:04, 25.97it/s]

Example:  86%|########6 | 661/766 [00:19<00:03, 30.63it/s]

Example:  87%|########7 | 667/766 [00:19<00:03, 29.13it/s]

Example:  88%|########7 | 674/766 [00:19<00:02, 33.70it/s]

Example:  89%|########8 | 678/766 [00:19<00:02, 33.79it/s]

Example:  89%|########9 | 682/766 [00:20<00:04, 17.74it/s]

Example:  89%|########9 | 685/766 [00:20<00:04, 18.73it/s]

Example:  90%|######### | 692/766 [00:20<00:02, 25.98it/s]

Example:  91%|######### | 696/766 [00:21<00:03, 17.91it/s]

Example:  92%|#########1| 702/766 [00:21<00:02, 23.28it/s]

Example:  93%|#########2| 709/766 [00:21<00:01, 29.98it/s]

Example:  93%|#########3| 715/766 [00:21<00:01, 33.50it/s]

Example:  94%|#########4| 721/766 [00:21<00:01, 37.30it/s]

Example:  95%|#########5| 728/766 [00:21<00:00, 39.92it/s]

Example:  96%|#########5| 733/766 [00:22<00:00, 36.97it/s]

Example:  96%|#########6| 738/766 [00:22<00:00, 34.59it/s]

Example:  97%|#########6| 742/766 [00:22<00:00, 33.14it/s]

Example:  97%|#########7| 746/766 [00:22<00:00, 34.06it/s]

Example:  98%|#########8| 751/766 [00:22<00:00, 35.88it/s]

Example:  99%|#########8| 756/766 [00:22<00:00, 38.76it/s]

Example:  99%|#########9| 761/766 [00:22<00:00, 32.46it/s]

Example: 100%|##########| 766/766 [00:22<00:00, 33.35it/s]

Example:   0%|          | 0/40 [00:00<?, ?it/s]

Example:  15%|#5        | 6/40 [00:00<00:00, 53.57it/s]

Example:  30%|###       | 12/40 [00:00<00:00, 29.73it/s]

Example:  40%|####      | 16/40 [00:00<00:00, 30.86it/s]

Example:  55%|#####5    | 22/40 [00:00<00:00, 36.76it/s]

Example:  75%|#######5  | 30/40 [00:00<00:00, 47.05it/s]

Example:  90%|######### | 36/40 [00:00<00:00, 46.47it/s]

Example: 100%|##########| 40/40 [00:00<00:00, 42.65it/s]

Example:   0%|          | 0/40 [00:00<?, ?it/s]

Example:  15%|#5        | 6/40 [00:00<00:00, 52.38it/s]

Example:  30%|###       | 12/40 [00:00<00:00, 28.26it/s]

Example:  40%|####      | 16/40 [00:00<00:00, 29.75it/s]

Example:  52%|#####2    | 21/40 [00:00<00:00, 35.24it/s]

Example:  68%|######7   | 27/40 [00:00<00:00, 41.98it/s]

Example:  85%|########5 | 34/40 [00:00<00:00, 47.61it/s]

Example: 100%|##########| 40/40 [00:00<00:00, 48.50it/s]

Example: 100%|##########| 40/40 [00:00<00:00, 41.79it/s]

model.safetensors:   0%|          | 0.00/436M [00:00<?, ?B/s]

model.safetensors:   2%|2         | 10.5M/436M [00:00<00:21, 19.8MB/s]

model.safetensors:   5%|4         | 21.0M/436M [00:00<00:15, 26.2MB/s]

model.safetensors:   7%|7         | 31.5M/436M [00:01<00:17, 22.5MB/s]

model.safetensors:  10%|9         | 41.9M/436M [00:01<00:18, 21.4MB/s]

model.safetensors:  12%|#2        | 52.4M/436M [00:02<00:17, 21.7MB/s]

model.safetensors:  14%|#4        | 62.9M/436M [00:02<00:18, 20.7MB/s]

model.safetensors:  17%|#6        | 73.4M/436M [00:03<00:19, 18.2MB/s]

model.safetensors:  19%|#9        | 83.9M/436M [00:04<00:19, 17.6MB/s]

model.safetensors:  22%|##1       | 94.4M/436M [00:04<00:19, 17.7MB/s]

model.safetensors:  24%|##4       | 105M/436M [00:05<00:19, 17.2MB/s]

model.safetensors:  26%|##6       | 115M/436M [00:06<00:22, 14.0MB/s]

model.safetensors:  29%|##8       | 126M/436M [00:08<00:28, 10.8MB/s]

model.safetensors:  31%|###1      | 136M/436M [00:09<00:31, 9.43MB/s]

model.safetensors:  34%|###3      | 147M/436M [00:10<00:32, 8.82MB/s]

model.safetensors:  36%|###6      | 157M/436M [00:12<00:32, 8.48MB/s]

model.safetensors:  39%|###8      | 168M/436M [00:13<00:32, 8.31MB/s]

model.safetensors:  41%|####      | 178M/436M [00:15<00:32, 7.92MB/s]

model.safetensors:  43%|####3     | 189M/436M [00:16<00:33, 7.39MB/s]

model.safetensors:  46%|####5     | 199M/436M [00:18<00:32, 7.36MB/s]

model.safetensors:  48%|####8     | 210M/436M [00:20<00:35, 6.44MB/s]

model.safetensors:  51%|#####     | 220M/436M [00:22<00:37, 5.75MB/s]

model.safetensors:  53%|#####2    | 231M/436M [00:25<00:39, 5.15MB/s]

model.safetensors:  55%|#####5    | 241M/436M [00:27<00:39, 4.94MB/s]

model.safetensors:  58%|#####7    | 252M/436M [00:29<00:37, 4.88MB/s]

model.safetensors:  60%|######    | 262M/436M [00:31<00:35, 4.83MB/s]

model.safetensors:  63%|######2   | 273M/436M [00:33<00:33, 4.87MB/s]

model.safetensors:  65%|######4   | 283M/436M [00:35<00:30, 5.08MB/s]

model.safetensors:  67%|######7   | 294M/436M [00:37<00:25, 5.49MB/s]

model.safetensors:  70%|######9   | 304M/436M [00:38<00:21, 6.10MB/s]

model.safetensors:  72%|#######2  | 315M/436M [00:39<00:17, 6.89MB/s]

model.safetensors:  75%|#######4  | 325M/436M [00:40<00:13, 7.91MB/s]

model.safetensors:  77%|#######7  | 336M/436M [00:41<00:11, 9.01MB/s]

model.safetensors:  79%|#######9  | 346M/436M [00:41<00:08, 10.3MB/s]

model.safetensors:  82%|########1 | 357M/436M [00:42<00:06, 11.7MB/s]

model.safetensors:  84%|########4 | 367M/436M [00:43<00:05, 13.2MB/s]

model.safetensors:  87%|########6 | 377M/436M [00:43<00:03, 14.9MB/s]

model.safetensors:  89%|########9 | 388M/436M [00:44<00:02, 16.4MB/s]

model.safetensors:  91%|#########1| 398M/436M [00:44<00:02, 18.0MB/s]

model.safetensors:  94%|#########3| 409M/436M [00:45<00:01, 18.3MB/s]

model.safetensors:  96%|#########6| 419M/436M [00:45<00:00, 18.5MB/s]

model.safetensors:  99%|#########8| 430M/436M [00:46<00:00, 19.2MB/s]

model.safetensors: 100%|##########| 436M/436M [00:46<00:00, 19.5MB/s]

model.safetensors: 100%|##########| 436M/436M [00:46<00:00, 9.39MB/s]
/home/nlp/ronke21/.conda/envs/gutbrain25/lib/python3.10/site-packages/transformers/optimization.py:591: FutureWarning: This implementation of AdamW is deprecated and will be removed in a future version. Use the PyTorch implementation torch.optim.AdamW instead, or set `no_deprecation_warning=True` to disable this warning
  warnings.warn(
/home/nlp/ronke21/GutBrainIE_2025_Baseline/Train/RE/atlop_interface.py:32: FutureWarning: `torch.cuda.amp.GradScaler(args...)` is deprecated. Please use `torch.amp.GradScaler('cuda', args...)` instead.
  scaler = GradScaler()
Total steps: 95500
Warmup steps: 5730

Train epoch:   0%|          | 0/500 [00:00<?, ?it/s]
Starting evaluation step ...
Length preds: 34644
Length answer: 0
[CHECKPOINT] Saving model checkpoint at epoch 0 into outputs4/checkpoint.ckpt ...
[BEST] Saving best model (epoch: 0) into outputs4/best.ckpt ...

Train epoch:   0%|          | 1/500 [01:03<8:50:00, 63.73s/it]
Starting evaluation step ...
Length preds: 34644
Length answer: 0
[CHECKPOINT] Saving model checkpoint at epoch 1 into outputs4/checkpoint.ckpt ...

Train epoch:   0%|          | 2/500 [02:06<8:45:37, 63.33s/it]
Starting evaluation step ...
Length preds: 34644
Length answer: 0
[CHECKPOINT] Saving model checkpoint at epoch 2 into outputs4/checkpoint.ckpt ...

Train epoch:   1%|          | 3/500 [03:07<8:34:00, 62.05s/it]
Starting evaluation step ...
Length preds: 34644
Length answer: 56
[CHECKPOINT] Saving model checkpoint at epoch 3 into outputs4/checkpoint.ckpt ...
[BEST] Saving best model (epoch: 3) into outputs4/best.ckpt ...

Train epoch:   1%|          | 4/500 [04:10<8:37:27, 62.59s/it]
Starting evaluation step ...
Length preds: 34644
Length answer: 132
[CHECKPOINT] Saving model checkpoint at epoch 4 into outputs4/checkpoint.ckpt ...
[BEST] Saving best model (epoch: 4) into outputs4/best.ckpt ...

Train epoch:   1%|1         | 5/500 [05:13<8:35:25, 62.48s/it]
Starting evaluation step ...
Length preds: 34644
Length answer: 272
[CHECKPOINT] Saving model checkpoint at epoch 5 into outputs4/checkpoint.ckpt ...
[BEST] Saving best model (epoch: 5) into outputs4/best.ckpt ...

Train epoch:   1%|1         | 6/500 [06:15<8:34:34, 62.50s/it]
Starting evaluation step ...
Length preds: 34644
Length answer: 317
[CHECKPOINT] Saving model checkpoint at epoch 6 into outputs4/checkpoint.ckpt ...
[BEST] Saving best model (epoch: 6) into outputs4/best.ckpt ...

Train epoch:   1%|1         | 7/500 [07:17<8:33:21, 62.48s/it]
Starting evaluation step ...
Length preds: 34644
Length answer: 244
[CHECKPOINT] Saving model checkpoint at epoch 7 into outputs4/checkpoint.ckpt ...

Train epoch:   2%|1         | 8/500 [08:18<8:27:46, 61.92s/it]
Starting evaluation step ...
Length preds: 34644
Length answer: 390
[CHECKPOINT] Saving model checkpoint at epoch 8 into outputs4/checkpoint.ckpt ...
[BEST] Saving best model (epoch: 8) into outputs4/best.ckpt ...

Train epoch:   2%|1         | 9/500 [09:21<8:29:15, 62.23s/it]
Starting evaluation step ...
Length preds: 34644
Length answer: 307
[CHECKPOINT] Saving model checkpoint at epoch 9 into outputs4/checkpoint.ckpt ...

Train epoch:   2%|2         | 10/500 [10:23<8:28:26, 62.26s/it]
Starting evaluation step ...
Length preds: 34644
Length answer: 323
[CHECKPOINT] Saving model checkpoint at epoch 10 into outputs4/checkpoint.ckpt ...

Train epoch:   2%|2         | 11/500 [11:24<8:23:21, 61.76s/it]
Starting evaluation step ...
Length preds: 34644
Length answer: 335
[CHECKPOINT] Saving model checkpoint at epoch 11 into outputs4/checkpoint.ckpt ...

Train epoch:   2%|2         | 12/500 [12:26<8:22:18, 61.76s/it]
Starting evaluation step ...
Length preds: 34644
Length answer: 272
[CHECKPOINT] Saving model checkpoint at epoch 12 into outputs4/checkpoint.ckpt ...

Train epoch:   3%|2         | 13/500 [13:26<8:17:47, 61.33s/it]
Starting evaluation step ...
Length preds: 34644
Length answer: 350
[CHECKPOINT] Saving model checkpoint at epoch 13 into outputs4/checkpoint.ckpt ...

Train epoch:   3%|2         | 14/500 [14:26<8:13:55, 60.98s/it]
Starting evaluation step ...
Length preds: 34644
Length answer: 310
[CHECKPOINT] Saving model checkpoint at epoch 14 into outputs4/checkpoint.ckpt ...

Train epoch:   3%|3         | 15/500 [15:27<8:12:40, 60.95s/it]
Starting evaluation step ...
Length preds: 34644
Length answer: 202
[CHECKPOINT] Saving model checkpoint at epoch 15 into outputs4/checkpoint.ckpt ...

Train epoch:   3%|3         | 16/500 [16:28<8:11:22, 60.91s/it]
Starting evaluation step ...
Length preds: 34644
Length answer: 383
[CHECKPOINT] Saving model checkpoint at epoch 16 into outputs4/checkpoint.ckpt ...
[BEST] Saving best model (epoch: 16) into outputs4/best.ckpt ...

Train epoch:   3%|3         | 17/500 [17:32<8:17:58, 61.86s/it]
Starting evaluation step ...
Length preds: 34644
Length answer: 323
[CHECKPOINT] Saving model checkpoint at epoch 17 into outputs4/checkpoint.ckpt ...

Train epoch:   4%|3         | 18/500 [18:33<8:15:28, 61.68s/it]
Starting evaluation step ...
Length preds: 34644
Length answer: 406
[CHECKPOINT] Saving model checkpoint at epoch 18 into outputs4/checkpoint.ckpt ...

Train epoch:   4%|3         | 19/500 [19:34<8:11:49, 61.35s/it]
Starting evaluation step ...
Length preds: 34644
Length answer: 234
[CHECKPOINT] Saving model checkpoint at epoch 19 into outputs4/checkpoint.ckpt ...

Train epoch:   4%|4         | 20/500 [20:35<8:09:09, 61.15s/it]
Starting evaluation step ...
Length preds: 34644
Length answer: 329
[CHECKPOINT] Saving model checkpoint at epoch 20 into outputs4/checkpoint.ckpt ...

Train epoch:   4%|4         | 21/500 [21:37<8:11:54, 61.62s/it]
Starting evaluation step ...
Length preds: 34644
Length answer: 280
[CHECKPOINT] Saving model checkpoint at epoch 21 into outputs4/checkpoint.ckpt ...

Train epoch:   4%|4         | 22/500 [22:38<8:07:28, 61.19s/it]
Starting evaluation step ...
Length preds: 34644
Length answer: 477
[CHECKPOINT] Saving model checkpoint at epoch 22 into outputs4/checkpoint.ckpt ...

Train epoch:   5%|4         | 23/500 [23:38<8:05:33, 61.08s/it]
Starting evaluation step ...
Length preds: 34644
Length answer: 301
[CHECKPOINT] Saving model checkpoint at epoch 23 into outputs4/checkpoint.ckpt ...

Train epoch:   5%|4         | 24/500 [24:39<8:03:36, 60.96s/it]
Starting evaluation step ...
Length preds: 34644
Length answer: 354
[CHECKPOINT] Saving model checkpoint at epoch 24 into outputs4/checkpoint.ckpt ...

Train epoch:   5%|5         | 25/500 [25:39<8:00:26, 60.69s/it]
Starting evaluation step ...
Length preds: 34644
Length answer: 395
[CHECKPOINT] Saving model checkpoint at epoch 25 into outputs4/checkpoint.ckpt ...

Train epoch:   5%|5         | 26/500 [26:40<7:59:16, 60.67s/it]
Starting evaluation step ...
Length preds: 34644
Length answer: 346
[CHECKPOINT] Saving model checkpoint at epoch 26 into outputs4/checkpoint.ckpt ...

Train epoch:   5%|5         | 27/500 [27:40<7:57:10, 60.53s/it]
Starting evaluation step ...
Length preds: 34644
Length answer: 287
[CHECKPOINT] Saving model checkpoint at epoch 27 into outputs4/checkpoint.ckpt ...

Train epoch:   6%|5         | 28/500 [28:42<7:59:58, 61.01s/it]
Starting evaluation step ...
Length preds: 34644
Length answer: 340
[CHECKPOINT] Saving model checkpoint at epoch 28 into outputs4/checkpoint.ckpt ...

Train epoch:   6%|5         | 29/500 [29:43<7:58:31, 60.96s/it]
Starting evaluation step ...
Length preds: 34644
Length answer: 456
[CHECKPOINT] Saving model checkpoint at epoch 29 into outputs4/checkpoint.ckpt ...

Train epoch:   6%|6         | 30/500 [30:43<7:56:04, 60.78s/it]
Starting evaluation step ...
Length preds: 34644
Length answer: 325
[CHECKPOINT] Saving model checkpoint at epoch 30 into outputs4/checkpoint.ckpt ...

Train epoch:   6%|6         | 31/500 [31:44<7:54:13, 60.67s/it]
Starting evaluation step ...
Length preds: 34644
Length answer: 440
[CHECKPOINT] Saving model checkpoint at epoch 31 into outputs4/checkpoint.ckpt ...

Train epoch:   6%|6         | 32/500 [32:45<7:54:04, 60.78s/it]
Starting evaluation step ...
Length preds: 34644
Length answer: 360
[CHECKPOINT] Saving model checkpoint at epoch 32 into outputs4/checkpoint.ckpt ...

Train epoch:   7%|6         | 33/500 [33:46<7:53:41, 60.86s/it]
